0 info it worked if it ends with ok
1 verbose cli [ 'C:\\Users\\Sarthak\\AppData\\Local\\.meteor\\packages\\meteor-tool\\1.4.2_1\\mt-os.windows.x86_32\\dev_bundle\\bin\\node.exe',
1 verbose cli   'C:\\Users\\Sarthak\\AppData\\Local\\.meteor\\packages\\meteor-tool\\1.4.2_1\\mt-os.windows.x86_32\\dev_bundle\\lib\\node_modules\\npm\\bin\\npm-cli.js',
1 verbose cli   'install',
1 verbose cli   'bcrypt',
1 verbose cli   '--save' ]
2 info using npm@3.10.9
3 info using node@v4.6.1
4 silly loadCurrentTree Starting
5 silly install loadCurrentTree
6 silly install readLocalPackageData
7 silly fetchPackageMetaData bcrypt
8 silly fetchNamedPackageData bcrypt
9 silly mapToRegistry name bcrypt
10 silly mapToRegistry using default registry
11 silly mapToRegistry registry https://registry.npmjs.org/
12 silly mapToRegistry data Result {
12 silly mapToRegistry   raw: 'bcrypt',
12 silly mapToRegistry   scope: null,
12 silly mapToRegistry   escapedName: 'bcrypt',
12 silly mapToRegistry   name: 'bcrypt',
12 silly mapToRegistry   rawSpec: '',
12 silly mapToRegistry   spec: 'latest',
12 silly mapToRegistry   type: 'tag' }
13 silly mapToRegistry uri https://registry.npmjs.org/bcrypt
14 verbose request uri https://registry.npmjs.org/bcrypt
15 verbose request no auth needed
16 info attempt registry request try #1 at 8:49:35 PM
17 verbose request id b05db27a595e8c0a
18 verbose etag "5825b7ea-14213"
19 http request GET https://registry.npmjs.org/bcrypt
20 http 304 https://registry.npmjs.org/bcrypt
21 verbose headers { date: 'Sun, 13 Nov 2016 01:49:31 GMT',
21 verbose headers   via: '1.1 varnish',
21 verbose headers   'cache-control': 'max-age=300',
21 verbose headers   etag: '"5825b7ea-14213"',
21 verbose headers   age: '154',
21 verbose headers   connection: 'keep-alive',
21 verbose headers   'x-served-by': 'cache-jfk8128-JFK',
21 verbose headers   'x-cache': 'HIT',
21 verbose headers   'x-cache-hits': '1',
21 verbose headers   'x-timer': 'S1479001771.980566,VS0,VE0',
21 verbose headers   vary: 'Accept-Encoding' }
22 silly get cb [ 304,
22 silly get   { date: 'Sun, 13 Nov 2016 01:49:31 GMT',
22 silly get     via: '1.1 varnish',
22 silly get     'cache-control': 'max-age=300',
22 silly get     etag: '"5825b7ea-14213"',
22 silly get     age: '154',
22 silly get     connection: 'keep-alive',
22 silly get     'x-served-by': 'cache-jfk8128-JFK',
22 silly get     'x-cache': 'HIT',
22 silly get     'x-cache-hits': '1',
22 silly get     'x-timer': 'S1479001771.980566,VS0,VE0',
22 silly get     vary: 'Accept-Encoding' } ]
23 verbose etag https://registry.npmjs.org/bcrypt from cache
24 verbose get saving bcrypt to C:\Users\Sarthak\AppData\Local\.meteor\packages\meteor-tool\1.4.2_1\mt-os.windows.x86_32\dev_bundle\.npm\registry.npmjs.org\bcrypt\.cache.json
25 verbose correctMkdir C:\Users\Sarthak\AppData\Local\.meteor\packages\meteor-tool\1.4.2_1\mt-os.windows.x86_32\dev_bundle\.npm correctMkdir not in flight; initializing
26 silly install normalizeTree
27 silly loadCurrentTree Finishing
28 silly loadIdealTree Starting
29 silly install loadIdealTree
30 silly cloneCurrentTree Starting
31 silly install cloneCurrentTreeToIdealTree
32 silly cloneCurrentTree Finishing
33 silly loadShrinkwrap Starting
34 silly install loadShrinkwrap
35 silly loadShrinkwrap Finishing
36 silly loadAllDepsIntoIdealTree Starting
37 silly install loadAllDepsIntoIdealTree
38 silly resolveWithNewModule bcrypt@0.8.7 checking installable status
39 silly cache add args [ 'bcrypt', null ]
40 verbose cache add spec bcrypt
41 silly cache add parsed spec Result {
41 silly cache add   raw: 'bcrypt',
41 silly cache add   scope: null,
41 silly cache add   escapedName: 'bcrypt',
41 silly cache add   name: 'bcrypt',
41 silly cache add   rawSpec: '',
41 silly cache add   spec: 'latest',
41 silly cache add   type: 'tag' }
42 silly addNamed bcrypt@latest
43 verbose addNamed "latest" is being treated as a dist-tag for bcrypt
44 info addNameTag [ 'bcrypt', 'latest' ]
45 silly mapToRegistry name bcrypt
46 silly mapToRegistry using default registry
47 silly mapToRegistry registry https://registry.npmjs.org/
48 silly mapToRegistry data Result {
48 silly mapToRegistry   raw: 'bcrypt',
48 silly mapToRegistry   scope: null,
48 silly mapToRegistry   escapedName: 'bcrypt',
48 silly mapToRegistry   name: 'bcrypt',
48 silly mapToRegistry   rawSpec: '',
48 silly mapToRegistry   spec: 'latest',
48 silly mapToRegistry   type: 'tag' }
49 silly mapToRegistry uri https://registry.npmjs.org/bcrypt
50 verbose addNameTag registry:https://registry.npmjs.org/bcrypt not in flight; fetching
51 verbose get https://registry.npmjs.org/bcrypt not expired, no request
52 silly addNameTag next cb for bcrypt with tag latest
53 silly addNamed bcrypt@0.8.7
54 verbose addNamed "0.8.7" is a plain semver version for bcrypt
55 silly cache afterAdd bcrypt@0.8.7
56 verbose afterAdd C:\Users\Sarthak\AppData\Local\.meteor\packages\meteor-tool\1.4.2_1\mt-os.windows.x86_32\dev_bundle\.npm\bcrypt\0.8.7\package\package.json not in flight; writing
57 verbose correctMkdir C:\Users\Sarthak\AppData\Local\.meteor\packages\meteor-tool\1.4.2_1\mt-os.windows.x86_32\dev_bundle\.npm correctMkdir not in flight; initializing
58 verbose afterAdd C:\Users\Sarthak\AppData\Local\.meteor\packages\meteor-tool\1.4.2_1\mt-os.windows.x86_32\dev_bundle\.npm\bcrypt\0.8.7\package\package.json written
59 silly fetchNamedPackageData bindings
60 silly mapToRegistry name bindings
61 silly mapToRegistry using default registry
62 silly mapToRegistry registry https://registry.npmjs.org/
63 silly mapToRegistry data Result {
63 silly mapToRegistry   raw: 'bindings',
63 silly mapToRegistry   scope: null,
63 silly mapToRegistry   escapedName: 'bindings',
63 silly mapToRegistry   name: 'bindings',
63 silly mapToRegistry   rawSpec: '',
63 silly mapToRegistry   spec: 'latest',
63 silly mapToRegistry   type: 'tag' }
64 silly mapToRegistry uri https://registry.npmjs.org/bindings
65 silly fetchNamedPackageData nan
66 silly mapToRegistry name nan
67 silly mapToRegistry using default registry
68 silly mapToRegistry registry https://registry.npmjs.org/
69 silly mapToRegistry data Result {
69 silly mapToRegistry   raw: 'nan',
69 silly mapToRegistry   scope: null,
69 silly mapToRegistry   escapedName: 'nan',
69 silly mapToRegistry   name: 'nan',
69 silly mapToRegistry   rawSpec: '',
69 silly mapToRegistry   spec: 'latest',
69 silly mapToRegistry   type: 'tag' }
70 silly mapToRegistry uri https://registry.npmjs.org/nan
71 verbose request uri https://registry.npmjs.org/bindings
72 verbose request no auth needed
73 info attempt registry request try #1 at 8:49:35 PM
74 verbose etag "580645d3-46f7"
75 http request GET https://registry.npmjs.org/bindings
76 verbose request uri https://registry.npmjs.org/nan
77 verbose request no auth needed
78 info attempt registry request try #1 at 8:49:35 PM
79 verbose etag "5818d749-1ce1e"
80 http request GET https://registry.npmjs.org/nan
81 http 304 https://registry.npmjs.org/bindings
82 verbose headers { date: 'Sun, 13 Nov 2016 01:49:32 GMT',
82 verbose headers   via: '1.1 varnish',
82 verbose headers   'cache-control': 'max-age=300',
82 verbose headers   etag: '"580645d3-46f7"',
82 verbose headers   age: '154',
82 verbose headers   connection: 'keep-alive',
82 verbose headers   'x-served-by': 'cache-jfk8128-JFK',
82 verbose headers   'x-cache': 'HIT',
82 verbose headers   'x-cache-hits': '1',
82 verbose headers   'x-timer': 'S1479001772.066655,VS0,VE0',
82 verbose headers   vary: 'Accept-Encoding' }
83 silly get cb [ 304,
83 silly get   { date: 'Sun, 13 Nov 2016 01:49:32 GMT',
83 silly get     via: '1.1 varnish',
83 silly get     'cache-control': 'max-age=300',
83 silly get     etag: '"580645d3-46f7"',
83 silly get     age: '154',
83 silly get     connection: 'keep-alive',
83 silly get     'x-served-by': 'cache-jfk8128-JFK',
83 silly get     'x-cache': 'HIT',
83 silly get     'x-cache-hits': '1',
83 silly get     'x-timer': 'S1479001772.066655,VS0,VE0',
83 silly get     vary: 'Accept-Encoding' } ]
84 verbose etag https://registry.npmjs.org/bindings from cache
85 verbose get saving bindings to C:\Users\Sarthak\AppData\Local\.meteor\packages\meteor-tool\1.4.2_1\mt-os.windows.x86_32\dev_bundle\.npm\registry.npmjs.org\bindings\.cache.json
86 verbose correctMkdir C:\Users\Sarthak\AppData\Local\.meteor\packages\meteor-tool\1.4.2_1\mt-os.windows.x86_32\dev_bundle\.npm correctMkdir not in flight; initializing
87 silly resolveWithNewModule bindings@1.2.1 checking installable status
88 silly cache add args [ 'bindings@1.2.1', null ]
89 verbose cache add spec bindings@1.2.1
90 silly cache add parsed spec Result {
90 silly cache add   raw: 'bindings@1.2.1',
90 silly cache add   scope: null,
90 silly cache add   escapedName: 'bindings',
90 silly cache add   name: 'bindings',
90 silly cache add   rawSpec: '1.2.1',
90 silly cache add   spec: '1.2.1',
90 silly cache add   type: 'version' }
91 silly addNamed bindings@1.2.1
92 verbose addNamed "1.2.1" is a plain semver version for bindings
93 silly mapToRegistry name bindings
94 silly mapToRegistry using default registry
95 silly mapToRegistry registry https://registry.npmjs.org/
96 silly mapToRegistry data Result {
96 silly mapToRegistry   raw: 'bindings',
96 silly mapToRegistry   scope: null,
96 silly mapToRegistry   escapedName: 'bindings',
96 silly mapToRegistry   name: 'bindings',
96 silly mapToRegistry   rawSpec: '',
96 silly mapToRegistry   spec: 'latest',
96 silly mapToRegistry   type: 'tag' }
97 silly mapToRegistry uri https://registry.npmjs.org/bindings
98 verbose addNameVersion registry:https://registry.npmjs.org/bindings not in flight; fetching
99 verbose get https://registry.npmjs.org/bindings not expired, no request
100 silly cache afterAdd bindings@1.2.1
101 verbose afterAdd C:\Users\Sarthak\AppData\Local\.meteor\packages\meteor-tool\1.4.2_1\mt-os.windows.x86_32\dev_bundle\.npm\bindings\1.2.1\package\package.json not in flight; writing
102 verbose correctMkdir C:\Users\Sarthak\AppData\Local\.meteor\packages\meteor-tool\1.4.2_1\mt-os.windows.x86_32\dev_bundle\.npm correctMkdir not in flight; initializing
103 verbose afterAdd C:\Users\Sarthak\AppData\Local\.meteor\packages\meteor-tool\1.4.2_1\mt-os.windows.x86_32\dev_bundle\.npm\bindings\1.2.1\package\package.json written
104 http 304 https://registry.npmjs.org/nan
105 verbose headers { date: 'Sun, 13 Nov 2016 01:49:32 GMT',
105 verbose headers   via: '1.1 varnish',
105 verbose headers   'cache-control': 'max-age=300',
105 verbose headers   etag: '"5818d749-1ce1e"',
105 verbose headers   age: '209',
105 verbose headers   connection: 'keep-alive',
105 verbose headers   'x-served-by': 'cache-jfk8136-JFK',
105 verbose headers   'x-cache': 'HIT',
105 verbose headers   'x-cache-hits': '2',
105 verbose headers   'x-timer': 'S1479001772.087407,VS0,VE0',
105 verbose headers   vary: 'Accept-Encoding' }
106 silly get cb [ 304,
106 silly get   { date: 'Sun, 13 Nov 2016 01:49:32 GMT',
106 silly get     via: '1.1 varnish',
106 silly get     'cache-control': 'max-age=300',
106 silly get     etag: '"5818d749-1ce1e"',
106 silly get     age: '209',
106 silly get     connection: 'keep-alive',
106 silly get     'x-served-by': 'cache-jfk8136-JFK',
106 silly get     'x-cache': 'HIT',
106 silly get     'x-cache-hits': '2',
106 silly get     'x-timer': 'S1479001772.087407,VS0,VE0',
106 silly get     vary: 'Accept-Encoding' } ]
107 verbose etag https://registry.npmjs.org/nan from cache
108 verbose get saving nan to C:\Users\Sarthak\AppData\Local\.meteor\packages\meteor-tool\1.4.2_1\mt-os.windows.x86_32\dev_bundle\.npm\registry.npmjs.org\nan\.cache.json
109 verbose correctMkdir C:\Users\Sarthak\AppData\Local\.meteor\packages\meteor-tool\1.4.2_1\mt-os.windows.x86_32\dev_bundle\.npm correctMkdir not in flight; initializing
110 silly resolveWithNewModule nan@2.3.5 checking installable status
111 silly cache add args [ 'nan@2.3.5', null ]
112 verbose cache add spec nan@2.3.5
113 silly cache add parsed spec Result {
113 silly cache add   raw: 'nan@2.3.5',
113 silly cache add   scope: null,
113 silly cache add   escapedName: 'nan',
113 silly cache add   name: 'nan',
113 silly cache add   rawSpec: '2.3.5',
113 silly cache add   spec: '2.3.5',
113 silly cache add   type: 'version' }
114 silly addNamed nan@2.3.5
115 verbose addNamed "2.3.5" is a plain semver version for nan
116 silly mapToRegistry name nan
117 silly mapToRegistry using default registry
118 silly mapToRegistry registry https://registry.npmjs.org/
119 silly mapToRegistry data Result {
119 silly mapToRegistry   raw: 'nan',
119 silly mapToRegistry   scope: null,
119 silly mapToRegistry   escapedName: 'nan',
119 silly mapToRegistry   name: 'nan',
119 silly mapToRegistry   rawSpec: '',
119 silly mapToRegistry   spec: 'latest',
119 silly mapToRegistry   type: 'tag' }
120 silly mapToRegistry uri https://registry.npmjs.org/nan
121 verbose addNameVersion registry:https://registry.npmjs.org/nan not in flight; fetching
122 verbose get https://registry.npmjs.org/nan not expired, no request
123 silly cache afterAdd nan@2.3.5
124 verbose afterAdd C:\Users\Sarthak\AppData\Local\.meteor\packages\meteor-tool\1.4.2_1\mt-os.windows.x86_32\dev_bundle\.npm\nan\2.3.5\package\package.json not in flight; writing
125 verbose correctMkdir C:\Users\Sarthak\AppData\Local\.meteor\packages\meteor-tool\1.4.2_1\mt-os.windows.x86_32\dev_bundle\.npm correctMkdir not in flight; initializing
126 verbose afterAdd C:\Users\Sarthak\AppData\Local\.meteor\packages\meteor-tool\1.4.2_1\mt-os.windows.x86_32\dev_bundle\.npm\nan\2.3.5\package\package.json written
127 silly loadAllDepsIntoIdealTree Finishing
128 silly loadIdealTree Finishing
129 silly currentTree simple-todos@
129 silly currentTree +-- babel-runtime@6.18.0
129 silly currentTree +-- core-js@2.4.1
129 silly currentTree `-- regenerator-runtime@0.9.6
130 silly idealTree simple-todos@
130 silly idealTree +-- babel-runtime@6.18.0
130 silly idealTree +-- bcrypt@0.8.7
130 silly idealTree +-- bindings@1.2.1
130 silly idealTree +-- core-js@2.4.1
130 silly idealTree +-- nan@2.3.5
130 silly idealTree `-- regenerator-runtime@0.9.6
131 silly generateActionsToTake Starting
132 silly install generateActionsToTake
133 silly generateActionsToTake Finishing
134 silly diffTrees action count 3
135 silly diffTrees add bindings@1.2.1
136 silly diffTrees add nan@2.3.5
137 silly diffTrees add bcrypt@0.8.7
138 silly decomposeActions action count 24
139 silly decomposeActions fetch bindings@1.2.1
140 silly decomposeActions extract bindings@1.2.1
141 silly decomposeActions test bindings@1.2.1
142 silly decomposeActions preinstall bindings@1.2.1
143 silly decomposeActions build bindings@1.2.1
144 silly decomposeActions install bindings@1.2.1
145 silly decomposeActions postinstall bindings@1.2.1
146 silly decomposeActions finalize bindings@1.2.1
147 silly decomposeActions fetch nan@2.3.5
148 silly decomposeActions extract nan@2.3.5
149 silly decomposeActions test nan@2.3.5
150 silly decomposeActions preinstall nan@2.3.5
151 silly decomposeActions build nan@2.3.5
152 silly decomposeActions install nan@2.3.5
153 silly decomposeActions postinstall nan@2.3.5
154 silly decomposeActions finalize nan@2.3.5
155 silly decomposeActions fetch bcrypt@0.8.7
156 silly decomposeActions extract bcrypt@0.8.7
157 silly decomposeActions test bcrypt@0.8.7
158 silly decomposeActions preinstall bcrypt@0.8.7
159 silly decomposeActions build bcrypt@0.8.7
160 silly decomposeActions install bcrypt@0.8.7
161 silly decomposeActions postinstall bcrypt@0.8.7
162 silly decomposeActions finalize bcrypt@0.8.7
163 silly runTopLevelLifecycles Starting
164 silly executeActions Starting
165 silly install executeActions
166 silly doSerial global-install 0
167 silly doParallel fetch 3
168 verbose correctMkdir C:\Users\Sarthak\AppData\Local\.meteor\packages\meteor-tool\1.4.2_1\mt-os.windows.x86_32\dev_bundle\.npm\_locks correctMkdir not in flight; initializing
169 verbose lock using C:\Users\Sarthak\AppData\Local\.meteor\packages\meteor-tool\1.4.2_1\mt-os.windows.x86_32\dev_bundle\.npm\_locks\staging-de6c711e2bae47a4.lock for C:\Users\Sarthak\simple-todos\node_modules\.staging
170 silly doParallel extract 3
171 silly extract bindings@1.2.1
172 silly extract nan@2.3.5
173 silly extract bcrypt@0.8.7
174 verbose unbuild node_modules\.staging\bindings-e1f221d9
175 verbose unbuild node_modules\.staging\nan-235720e3
176 verbose unbuild node_modules\.staging\bcrypt-76275bd5
177 silly gentlyRm C:\Users\Sarthak\simple-todos\node_modules\.staging\bindings-e1f221d9 is being purged from base C:\Users\Sarthak\simple-todos
178 verbose gentlyRm don't care about contents; nuking C:\Users\Sarthak\simple-todos\node_modules\.staging\bindings-e1f221d9
179 silly gentlyRm C:\Users\Sarthak\simple-todos\node_modules\.staging\nan-235720e3 is being purged from base C:\Users\Sarthak\simple-todos
180 verbose gentlyRm don't care about contents; nuking C:\Users\Sarthak\simple-todos\node_modules\.staging\nan-235720e3
181 silly gentlyRm C:\Users\Sarthak\simple-todos\node_modules\.staging\bcrypt-76275bd5 is being purged from base C:\Users\Sarthak\simple-todos
182 verbose gentlyRm don't care about contents; nuking C:\Users\Sarthak\simple-todos\node_modules\.staging\bcrypt-76275bd5
183 verbose tar unpack C:\Users\Sarthak\AppData\Local\.meteor\packages\meteor-tool\1.4.2_1\mt-os.windows.x86_32\dev_bundle\.npm\bindings\1.2.1\package.tgz
184 verbose tar unpacking to C:\Users\Sarthak\simple-todos\node_modules\.staging\bindings-e1f221d9
185 silly gentlyRm C:\Users\Sarthak\simple-todos\node_modules\.staging\bindings-e1f221d9 is being purged
186 verbose gentlyRm don't care about contents; nuking C:\Users\Sarthak\simple-todos\node_modules\.staging\bindings-e1f221d9
187 verbose tar unpack C:\Users\Sarthak\AppData\Local\.meteor\packages\meteor-tool\1.4.2_1\mt-os.windows.x86_32\dev_bundle\.npm\nan\2.3.5\package.tgz
188 verbose tar unpacking to C:\Users\Sarthak\simple-todos\node_modules\.staging\nan-235720e3
189 silly gentlyRm C:\Users\Sarthak\simple-todos\node_modules\.staging\nan-235720e3 is being purged
190 verbose gentlyRm don't care about contents; nuking C:\Users\Sarthak\simple-todos\node_modules\.staging\nan-235720e3
191 verbose tar unpack C:\Users\Sarthak\AppData\Local\.meteor\packages\meteor-tool\1.4.2_1\mt-os.windows.x86_32\dev_bundle\.npm\bcrypt\0.8.7\package.tgz
192 verbose tar unpacking to C:\Users\Sarthak\simple-todos\node_modules\.staging\bcrypt-76275bd5
193 silly gentlyRm C:\Users\Sarthak\simple-todos\node_modules\.staging\bcrypt-76275bd5 is being purged
194 verbose gentlyRm don't care about contents; nuking C:\Users\Sarthak\simple-todos\node_modules\.staging\bcrypt-76275bd5
195 silly gunzTarPerm modes [ '777', '666' ]
196 silly gunzTarPerm modes [ '777', '666' ]
197 silly gunzTarPerm modes [ '777', '666' ]
198 silly gunzTarPerm extractEntry package.json
199 silly gunzTarPerm modified mode [ 'package.json', 436, 438 ]
200 silly gunzTarPerm extractEntry package.json
201 silly gunzTarPerm modified mode [ 'package.json', 420, 438 ]
202 silly gunzTarPerm extractEntry package.json
203 silly gunzTarPerm modified mode [ 'package.json', 420, 438 ]
204 silly gunzTarPerm extractEntry README.md
205 silly gunzTarPerm modified mode [ 'README.md', 436, 438 ]
206 silly gunzTarPerm extractEntry include_dirs.js
207 silly gunzTarPerm modified mode [ 'include_dirs.js', 436, 438 ]
208 silly gunzTarPerm extractEntry nan_converters.h
209 silly gunzTarPerm modified mode [ 'nan_converters.h', 436, 438 ]
210 silly gunzTarPerm extractEntry LICENSE.md
211 silly gunzTarPerm modified mode [ 'LICENSE.md', 436, 438 ]
212 silly gunzTarPerm extractEntry doc/node_misc.md
213 silly gunzTarPerm modified mode [ 'doc/node_misc.md', 436, 438 ]
214 silly gunzTarPerm extractEntry doc/asyncworker.md
215 silly gunzTarPerm modified mode [ 'doc/asyncworker.md', 436, 438 ]
216 silly gunzTarPerm extractEntry doc/callback.md
217 silly gunzTarPerm modified mode [ 'doc/callback.md', 436, 438 ]
218 silly gunzTarPerm extractEntry doc/converters.md
219 silly gunzTarPerm modified mode [ 'doc/converters.md', 436, 438 ]
220 silly gunzTarPerm extractEntry doc/errors.md
221 silly gunzTarPerm modified mode [ 'doc/errors.md', 436, 438 ]
222 silly gunzTarPerm extractEntry doc/maybe_types.md
223 silly gunzTarPerm modified mode [ 'doc/maybe_types.md', 436, 438 ]
224 silly gunzTarPerm extractEntry doc/methods.md
225 silly gunzTarPerm modified mode [ 'doc/methods.md', 436, 438 ]
226 silly gunzTarPerm extractEntry doc/new.md
227 silly gunzTarPerm modified mode [ 'doc/new.md', 436, 438 ]
228 silly gunzTarPerm extractEntry doc/buffers.md
229 silly gunzTarPerm modified mode [ 'doc/buffers.md', 436, 438 ]
230 silly gunzTarPerm extractEntry doc/object_wrappers.md
231 silly gunzTarPerm modified mode [ 'doc/object_wrappers.md', 436, 438 ]
232 silly gunzTarPerm extractEntry doc/persistent.md
233 silly gunzTarPerm modified mode [ 'doc/persistent.md', 436, 438 ]
234 silly gunzTarPerm extractEntry doc/scopes.md
235 silly gunzTarPerm modified mode [ 'doc/scopes.md', 436, 438 ]
236 silly gunzTarPerm extractEntry doc/script.md
237 silly gunzTarPerm modified mode [ 'doc/script.md', 436, 438 ]
238 silly gunzTarPerm extractEntry doc/string_bytes.md
239 silly gunzTarPerm modified mode [ 'doc/string_bytes.md', 436, 438 ]
240 silly gunzTarPerm extractEntry doc/v8_internals.md
241 silly gunzTarPerm modified mode [ 'doc/v8_internals.md', 436, 438 ]
242 silly gunzTarPerm extractEntry doc/v8_misc.md
243 silly gunzTarPerm modified mode [ 'doc/v8_misc.md', 436, 438 ]
244 silly gunzTarPerm extractEntry nan.h
245 silly gunzTarPerm modified mode [ 'nan.h', 436, 438 ]
246 silly gunzTarPerm extractEntry nan_callbacks.h
247 silly gunzTarPerm modified mode [ 'nan_callbacks.h', 436, 438 ]
248 silly gunzTarPerm extractEntry nan_callbacks_12_inl.h
249 silly gunzTarPerm modified mode [ 'nan_callbacks_12_inl.h', 436, 438 ]
250 silly gunzTarPerm extractEntry nan_callbacks_pre_12_inl.h
251 silly gunzTarPerm modified mode [ 'nan_callbacks_pre_12_inl.h', 436, 438 ]
252 silly gunzTarPerm extractEntry nan_converters_43_inl.h
253 silly gunzTarPerm modified mode [ 'nan_converters_43_inl.h', 436, 438 ]
254 silly gunzTarPerm extractEntry nan_converters_pre_43_inl.h
255 silly gunzTarPerm modified mode [ 'nan_converters_pre_43_inl.h', 436, 438 ]
256 silly gunzTarPerm extractEntry nan_implementation_12_inl.h
257 silly gunzTarPerm modified mode [ 'nan_implementation_12_inl.h', 436, 438 ]
258 silly gunzTarPerm extractEntry nan_implementation_pre_12_inl.h
259 silly gunzTarPerm modified mode [ 'nan_implementation_pre_12_inl.h', 436, 438 ]
260 silly gunzTarPerm extractEntry nan_maybe_43_inl.h
261 silly gunzTarPerm modified mode [ 'nan_maybe_43_inl.h', 436, 438 ]
262 silly gunzTarPerm extractEntry nan_maybe_pre_43_inl.h
263 silly gunzTarPerm modified mode [ 'nan_maybe_pre_43_inl.h', 436, 438 ]
264 silly gunzTarPerm extractEntry nan_new.h
265 silly gunzTarPerm modified mode [ 'nan_new.h', 436, 438 ]
266 silly gunzTarPerm extractEntry nan_object_wrap.h
267 silly gunzTarPerm modified mode [ 'nan_object_wrap.h', 436, 438 ]
268 silly gunzTarPerm extractEntry nan_persistent_12_inl.h
269 silly gunzTarPerm modified mode [ 'nan_persistent_12_inl.h', 436, 438 ]
270 silly gunzTarPerm extractEntry nan_persistent_pre_12_inl.h
271 silly gunzTarPerm modified mode [ 'nan_persistent_pre_12_inl.h', 436, 438 ]
272 silly gunzTarPerm extractEntry nan_string_bytes.h
273 silly gunzTarPerm modified mode [ 'nan_string_bytes.h', 436, 438 ]
274 silly gunzTarPerm extractEntry nan_typedarray_contents.h
275 silly gunzTarPerm modified mode [ 'nan_typedarray_contents.h', 436, 438 ]
276 silly gunzTarPerm extractEntry nan_weak.h
277 silly gunzTarPerm modified mode [ 'nan_weak.h', 436, 438 ]
278 silly gunzTarPerm extractEntry CHANGELOG.md
279 silly gunzTarPerm modified mode [ 'CHANGELOG.md', 436, 438 ]
280 silly gunzTarPerm extractEntry tools/package.json
281 silly gunzTarPerm modified mode [ 'tools/package.json', 436, 438 ]
282 silly gunzTarPerm extractEntry tools/README.md
283 silly gunzTarPerm modified mode [ 'tools/README.md', 436, 438 ]
284 silly gunzTarPerm extractEntry tools/1to2.js
285 silly gunzTarPerm modified mode [ 'tools/1to2.js', 509, 511 ]
286 silly gunzTarPerm extractEntry README.md
287 silly gunzTarPerm modified mode [ 'README.md', 420, 438 ]
288 silly gunzTarPerm extractEntry bindings.js
289 silly gunzTarPerm modified mode [ 'bindings.js', 420, 438 ]
290 silly gunzTarPerm extractEntry .npmignore
291 silly gunzTarPerm modified mode [ '.npmignore', 420, 438 ]
292 silly gunzTarPerm extractEntry README.md
293 silly gunzTarPerm modified mode [ 'README.md', 420, 438 ]
294 silly gunzTarPerm extractEntry LICENSE
295 silly gunzTarPerm modified mode [ 'LICENSE', 420, 438 ]
296 silly gunzTarPerm extractEntry bcrypt.js
297 silly gunzTarPerm modified mode [ 'bcrypt.js', 420, 438 ]
298 silly gunzTarPerm extractEntry Makefile
299 silly gunzTarPerm modified mode [ 'Makefile', 420, 438 ]
300 silly gunzTarPerm extractEntry .travis.yml
301 silly gunzTarPerm modified mode [ '.travis.yml', 420, 438 ]
302 silly gunzTarPerm extractEntry CHANGELOG.md
303 silly gunzTarPerm modified mode [ 'CHANGELOG.md', 420, 438 ]
304 silly gunzTarPerm extractEntry binding.gyp
305 silly gunzTarPerm modified mode [ 'binding.gyp', 420, 438 ]
306 silly gunzTarPerm extractEntry examples/async_compare.js
307 silly gunzTarPerm modified mode [ 'examples/async_compare.js', 420, 438 ]
308 silly gunzTarPerm extractEntry examples/forever_gen_salt.js
309 silly gunzTarPerm modified mode [ 'examples/forever_gen_salt.js', 420, 438 ]
310 silly gunzTarPerm extractEntry test/async.js
311 silly gunzTarPerm modified mode [ 'test/async.js', 420, 438 ]
312 silly gunzTarPerm extractEntry test/repetitions.js
313 silly gunzTarPerm modified mode [ 'test/repetitions.js', 420, 438 ]
314 silly gunzTarPerm extractEntry test/sync.js
315 silly gunzTarPerm modified mode [ 'test/sync.js', 420, 438 ]
316 silly gunzTarPerm extractEntry ISSUE_TEMPLATE.md
317 silly gunzTarPerm modified mode [ 'ISSUE_TEMPLATE.md', 420, 438 ]
318 silly gunzTarPerm extractEntry src/bcrypt.cc
319 silly gunzTarPerm modified mode [ 'src/bcrypt.cc', 420, 438 ]
320 silly gunzTarPerm extractEntry src/bcrypt_node.cc
321 silly gunzTarPerm modified mode [ 'src/bcrypt_node.cc', 420, 438 ]
322 silly gunzTarPerm extractEntry src/blowfish.cc
323 silly gunzTarPerm modified mode [ 'src/blowfish.cc', 420, 438 ]
324 silly gunzTarPerm extractEntry src/node_blf.h
325 silly gunzTarPerm modified mode [ 'src/node_blf.h', 420, 438 ]
326 silly gunzTarPerm extractEntry werker.yml
327 silly gunzTarPerm modified mode [ 'werker.yml', 420, 438 ]
328 silly gentlyRm C:\Users\Sarthak\simple-todos\node_modules\.staging\bindings-e1f221d9\node_modules is being purged
329 verbose gentlyRm don't care about contents; nuking C:\Users\Sarthak\simple-todos\node_modules\.staging\bindings-e1f221d9\node_modules
330 silly gentlyRm C:\Users\Sarthak\simple-todos\node_modules\.staging\bcrypt-76275bd5\node_modules is being purged
331 verbose gentlyRm don't care about contents; nuking C:\Users\Sarthak\simple-todos\node_modules\.staging\bcrypt-76275bd5\node_modules
332 silly gentlyRm C:\Users\Sarthak\simple-todos\node_modules\.staging\nan-235720e3\node_modules is being purged
333 verbose gentlyRm don't care about contents; nuking C:\Users\Sarthak\simple-todos\node_modules\.staging\nan-235720e3\node_modules
334 silly doParallel preinstall 3
335 silly preinstall bindings@1.2.1 C:\Users\Sarthak\simple-todos\node_modules\.staging\bindings-e1f221d9
336 info lifecycle bindings@1.2.1~preinstall: bindings@1.2.1
337 silly preinstall nan@2.3.5 C:\Users\Sarthak\simple-todos\node_modules\.staging\nan-235720e3
338 info lifecycle nan@2.3.5~preinstall: nan@2.3.5
339 silly preinstall bcrypt@0.8.7 C:\Users\Sarthak\simple-todos\node_modules\.staging\bcrypt-76275bd5
340 info lifecycle bcrypt@0.8.7~preinstall: bcrypt@0.8.7
341 silly lifecycle bindings@1.2.1~preinstall: no script for preinstall, continuing
342 silly lifecycle nan@2.3.5~preinstall: no script for preinstall, continuing
343 silly lifecycle bcrypt@0.8.7~preinstall: no script for preinstall, continuing
344 silly doReverseSerial remove 0
345 silly doSerial move 0
346 silly doSerial finalize 3
347 silly finalize C:\Users\Sarthak\simple-todos\node_modules\bindings
348 silly finalize C:\Users\Sarthak\simple-todos\node_modules\nan
349 silly finalize C:\Users\Sarthak\simple-todos\node_modules\bcrypt
350 silly doSerial build 3
351 silly build bindings@1.2.1
352 info linkStuff bindings@1.2.1
353 silly linkStuff bindings@1.2.1 has C:\Users\Sarthak\simple-todos\node_modules as its parent node_modules
354 verbose linkBins bindings@1.2.1
355 verbose linkMans bindings@1.2.1
356 silly build nan@2.3.5
357 info linkStuff nan@2.3.5
358 silly linkStuff nan@2.3.5 has C:\Users\Sarthak\simple-todos\node_modules as its parent node_modules
359 verbose linkBins nan@2.3.5
360 verbose linkMans nan@2.3.5
361 silly build bcrypt@0.8.7
362 info linkStuff bcrypt@0.8.7
363 silly linkStuff bcrypt@0.8.7 has C:\Users\Sarthak\simple-todos\node_modules as its parent node_modules
364 verbose linkBins bcrypt@0.8.7
365 verbose linkMans bcrypt@0.8.7
366 silly doSerial global-link 0
367 silly doParallel update-linked 0
368 silly doSerial install 3
369 silly install bindings@1.2.1 C:\Users\Sarthak\simple-todos\node_modules\.staging\bindings-e1f221d9
370 info lifecycle bindings@1.2.1~install: bindings@1.2.1
371 silly lifecycle bindings@1.2.1~install: no script for install, continuing
372 silly install nan@2.3.5 C:\Users\Sarthak\simple-todos\node_modules\.staging\nan-235720e3
373 info lifecycle nan@2.3.5~install: nan@2.3.5
374 silly lifecycle nan@2.3.5~install: no script for install, continuing
375 silly install bcrypt@0.8.7 C:\Users\Sarthak\simple-todos\node_modules\.staging\bcrypt-76275bd5
376 info lifecycle bcrypt@0.8.7~install: bcrypt@0.8.7
377 verbose lifecycle bcrypt@0.8.7~install: unsafe-perm in lifecycle true
378 verbose lifecycle bcrypt@0.8.7~install: PATH: C:\Users\Sarthak\AppData\Local\.meteor\packages\meteor-tool\1.4.2_1\mt-os.windows.x86_32\dev_bundle\lib\node_modules\npm\bin\node-gyp-bin;C:\Users\Sarthak\simple-todos\node_modules\bcrypt\node_modules\.bin;C:\Users\Sarthak\simple-todos\node_modules\.bin;C:\Users\Sarthak\AppData\Local\.meteor\packages\meteor-tool\1.4.2_1\mt-os.windows.x86_32\dev_bundle\bin;C:\Users\Sarthak\AppData\Local\.meteor\packages\meteor-tool\1.4.2_1\mt-os.windows.x86_32\dev_bundle\lib\node_modules\.bin;C:\Users\Sarthak\AppData\Roaming\npm;C:\Program Files\nodejs\;C:\Program Files (x86)\Intel\iCLS Client\;C:\Program Files\Intel\iCLS Client\;C:\Windows\system32;C:\Windows;C:\Windows\System32\Wbem;C:\Windows\System32\WindowsPowerShell\v1.0\;C:\Program Files (x86)\Intel\Intel(R) Management Engine Components\DAL;C:\Program Files\Intel\Intel(R) Management Engine Components\DAL;C:\Program Files (x86)\Intel\Intel(R) Management Engine Components\IPT;C:\Program Files\Intel\Intel(R) Management Engine Components\IPT;C:\Program Files (x86)\NVIDIA Corporation\PhysX\Common;C:\WINDOWS\system32;C:\WINDOWS;C:\WINDOWS\System32\Wbem;C:\WINDOWS\System32\WindowsPowerShell\v1.0\;C:\Program Files\nodejs\;C:\Program Files (x86)\GtkSharp\2.12\bin;C:\Users\Sarthak\Anaconda3;C:\Users\Sarthak\Anaconda3\Scripts;C:\Users\Sarthak\Anaconda3\Library\bin;C:\Users\Sarthak\AppData\Local\Microsoft\WindowsApps;C:\Users\Sarthak\AppData\Local\.meteor\;C:\Users\Sarthak\AppData\Roaming\npm
379 verbose lifecycle bcrypt@0.8.7~install: CWD: C:\Users\Sarthak\simple-todos\node_modules\bcrypt
380 silly lifecycle bcrypt@0.8.7~install: Args: [ '/d /s /c', 'node-gyp rebuild' ]
381 silly lifecycle bcrypt@0.8.7~install: Returned: code: 1  signal: null
382 info lifecycle bcrypt@0.8.7~install: Failed to exec install script
383 verbose unlock done using C:\Users\Sarthak\AppData\Local\.meteor\packages\meteor-tool\1.4.2_1\mt-os.windows.x86_32\dev_bundle\.npm\_locks\staging-de6c711e2bae47a4.lock for C:\Users\Sarthak\simple-todos\node_modules\.staging
384 silly rollbackFailedOptional Starting
385 silly rollbackFailedOptional Finishing
386 silly runTopLevelLifecycles Finishing
387 silly install printInstalled
388 verbose stack Error: bcrypt@0.8.7 install: `node-gyp rebuild`
388 verbose stack Exit status 1
388 verbose stack     at EventEmitter.<anonymous> (C:\Users\Sarthak\AppData\Local\.meteor\packages\meteor-tool\1.4.2_1\mt-os.windows.x86_32\dev_bundle\lib\node_modules\npm\lib\utils\lifecycle.js:255:16)
388 verbose stack     at emitTwo (events.js:87:13)
388 verbose stack     at EventEmitter.emit (events.js:172:7)
388 verbose stack     at ChildProcess.<anonymous> (C:\Users\Sarthak\AppData\Local\.meteor\packages\meteor-tool\1.4.2_1\mt-os.windows.x86_32\dev_bundle\lib\node_modules\npm\lib\utils\spawn.js:40:14)
388 verbose stack     at emitTwo (events.js:87:13)
388 verbose stack     at ChildProcess.emit (events.js:172:7)
388 verbose stack     at maybeClose (internal/child_process.js:829:16)
388 verbose stack     at Process.ChildProcess._handle.onexit (internal/child_process.js:211:5)
389 verbose pkgid bcrypt@0.8.7
390 verbose cwd C:\Users\Sarthak\simple-todos
391 error Windows_NT 10.0.14393
392 error argv "C:\\Users\\Sarthak\\AppData\\Local\\.meteor\\packages\\meteor-tool\\1.4.2_1\\mt-os.windows.x86_32\\dev_bundle\\bin\\node.exe" "C:\\Users\\Sarthak\\AppData\\Local\\.meteor\\packages\\meteor-tool\\1.4.2_1\\mt-os.windows.x86_32\\dev_bundle\\lib\\node_modules\\npm\\bin\\npm-cli.js" "install" "bcrypt" "--save"
393 error node v4.6.1
394 error npm  v3.10.9
395 error code ELIFECYCLE
396 error bcrypt@0.8.7 install: `node-gyp rebuild`
396 error Exit status 1
397 error Failed at the bcrypt@0.8.7 install script 'node-gyp rebuild'.
397 error Make sure you have the latest version of node.js and npm installed.
397 error If you do, this is most likely a problem with the bcrypt package,
397 error not with npm itself.
397 error Tell the author that this fails on your system:
397 error     node-gyp rebuild
397 error You can get information on how to open an issue for this project with:
397 error     npm bugs bcrypt
397 error Or if that isn't available, you can get their info via:
397 error     npm owner ls bcrypt
397 error There is likely additional logging output above.
398 verbose exit [ 1, true ]
